<?xml version="1.0" encoding="UTF-8"?>
<testng-results skipped="0" failed="0" ignored="0" total="1" passed="1">
  <reporter-output>
  </reporter-output>
  <suite name="Default suite" duration-ms="9021" started-at="2019-12-02T15:52:25Z" finished-at="2019-12-02T15:52:34Z">
    <groups>
      <group name="cucumber">
        <method signature="AbstractTestNGCucumberTests.feature(cucumber.api.testng.CucumberFeatureWrapper)[pri:0, instance:testRunner.GetDataRunner@52a86356]" name="feature" class="cucumber.api.testng.AbstractTestNGCucumberTests"/>
      </group> <!-- cucumber -->
    </groups>
    <test name="Default test" duration-ms="9021" started-at="2019-12-02T15:52:25Z" finished-at="2019-12-02T15:52:34Z">
      <class name="testRunner.GetDataRunner">
        <test-method status="PASS" signature="setUpClass()[pri:0, instance:testRunner.GetDataRunner@52a86356]" name="setUpClass" is-config="true" duration-ms="473" started-at="2019-12-02T15:52:25Z" finished-at="2019-12-02T15:52:25Z">
          <reporter-output>
          </reporter-output>
        </test-method> <!-- setUpClass -->
        <test-method status="PASS" signature="beforeclass()[pri:0, instance:testRunner.GetDataRunner@52a86356]" name="beforeclass" is-config="true" duration-ms="0" started-at="2019-12-02T15:52:25Z" finished-at="2019-12-02T15:52:25Z">
          <reporter-output>
          </reporter-output>
        </test-method> <!-- beforeclass -->
        <test-method status="PASS" signature="feature(cucumber.api.testng.CucumberFeatureWrapper)[pri:0, instance:testRunner.GetDataRunner@52a86356]" name="feature" duration-ms="7899" started-at="2019-12-02T15:52:26Z" description="Runs Cucumber Feature" data-provider="features" finished-at="2019-12-02T15:52:33Z">
          <params>
            <param index="0">
              <value>
                <![CDATA[Rest API testing framework using java rest assured]]>
              </value>
            </param>
          </params>
          <reporter-output>
          </reporter-output>
        </test-method> <!-- feature -->
        <test-method status="PASS" signature="testDownClass()[pri:0, instance:testRunner.GetDataRunner@52a86356]" name="testDownClass" is-config="true" duration-ms="2" started-at="2019-12-02T15:52:33Z" finished-at="2019-12-02T15:52:33Z">
          <reporter-output>
          </reporter-output>
        </test-method> <!-- testDownClass -->
        <test-method status="PASS" signature="tearDownClass()[pri:0, instance:testRunner.GetDataRunner@52a86356]" name="tearDownClass" is-config="true" duration-ms="507" started-at="2019-12-02T15:52:33Z" finished-at="2019-12-02T15:52:34Z">
          <reporter-output>
          </reporter-output>
        </test-method> <!-- tearDownClass -->
      </class> <!-- testRunner.GetDataRunner -->
    </test> <!-- Default test -->
  </suite> <!-- Default suite -->
</testng-results>
